<?xml version="1.0" encoding="UTF-8"?>
<testsuites>
  <testsuite id="0" name="/Users/jstevenson/code/CFM-API/shared/responseGenerator.spec.ts" errors="0" package="/Users/jstevenson/code/CFM-API/shared/responseGenerator.spec.ts" hostname="localhost" tests="2" failures="0" time="0.188" timestamp="2018-06-19T01:01:24">
    <properties>
    </properties>
    <testcase classname="response generator" name="should return a success response" time="0">
    </testcase>
    <testcase classname="response generator" name="should return an error response" time="0">
    </testcase>
    <system-out/>
    <system-err/>
  </testsuite>
</testsuites>